<?xml version="1.0" encoding="UTF-8"?>
<!-- Generated by org.testng.reporters.JUnitReportReporter -->
<testsuite hostname="DESKTOP-KKBJT2E" failures="0" tests="4" name="tests.ProductsAndCartTests" time="77.580" errors="0" timestamp="2021-06-22T20:10:44 CEST" skipped="0">
  <testcase classname="tests.ProductsAndCartTests" name="verifyThatUserCanAddOneProductToCart" time="21.238"/>
  <system-out/>
  <testcase classname="tests.ProductsAndCartTests" name="verifyThatUserCanAddSameProductInCartIfQuantityIs3" time="13.877"/>
  <system-out/>
  <testcase classname="tests.ProductsAndCartTests" name="verifyThatUserCanRemoveProductFromCart" time="11.760"/>
  <system-out/>
  <testcase classname="tests.ProductsAndCartTests" name="verifyThatUserCanAdd3MultipleProductsInCart" time="30.705"/>
  <system-out/>
</testsuite> <!-- tests.ProductsAndCartTests -->
