<?xml version="1.0" encoding="UTF-8"?>
<!-- Generated by org.testng.reporters.JUnitReportReporter -->
<testsuite hostname="DESKTOP-KKBJT2E" failures="0" tests="1" name="tests.MyAddressTests" time="16.835" errors="0" timestamp="2021-06-11T11:40:12 CEST" skipped="0">
  <testcase classname="tests.MyAddressTests" name="updateAddress" time="16.835"/>
  <system-out/>
</testsuite> <!-- tests.MyAddressTests -->
