<?xml version="1.0" encoding="UTF-8"?>
<!-- Generated by org.testng.reporters.JUnitReportReporter -->
<testsuite hostname="DESKTOP-KKBJT2E" failures="0" tests="1" name="tests.EditPersonalInfomationTests" time="16.194" errors="0" timestamp="2021-06-15T13:57:59 CEST" skipped="0">
  <testcase classname="tests.EditPersonalInfomationTests" name="verifyThatUserCanEditPerfonalInformation" time="16.194"/>
  <system-out/>
</testsuite> <!-- tests.EditPersonalInfomationTests -->
