<?xml version="1.0" encoding="UTF-8"?>
<!-- Generated by org.testng.reporters.JUnitReportReporter -->
<testsuite hostname="DESKTOP-KKBJT2E" failures="0" tests="1" name="tests.proba" time="9.889" errors="0" timestamp="2021-06-08T21:53:12 CEST" skipped="0">
  <testcase classname="tests.proba" name="test" time="9.889"/>
  <system-out/>
</testsuite> <!-- tests.proba -->
