<?xml version="1.0" encoding="UTF-8"?>
<!-- Generated by org.testng.reporters.JUnitReportReporter -->
<testsuite hostname="DESKTOP-KKBJT2E" failures="0" tests="4" name="tests.ProductsAndCartTests" time="135.104" errors="0" timestamp="2021-06-15T13:45:59 CEST" skipped="0">
  <testcase classname="tests.ProductsAndCartTests" name="verifyThatUserCanAddOneProductToCart" time="24.447"/>
  <system-out/>
  <testcase classname="tests.ProductsAndCartTests" name="verifyThatUserCanAddSameProductInCartIfQuantityIs3" time="21.855"/>
  <system-out/>
  <testcase classname="tests.ProductsAndCartTests" name="verifyThatUserCanRemoveProductFromCart" time="22.116"/>
  <system-out/>
  <testcase classname="tests.ProductsAndCartTests" name="verifyThatUserCanAdd3MultipleProductsInCart" time="66.686"/>
  <system-out/>
</testsuite> <!-- tests.ProductsAndCartTests -->
