<?xml version="1.0" encoding="UTF-8"?>
<!-- Generated by org.testng.reporters.JUnitReportReporter -->
<testsuite hostname="DESKTOP-KKBJT2E" failures="0" tests="6" name="tests.LogInTests" time="130.083" errors="0" timestamp="2021-06-15T14:00:29 CEST" skipped="0">
  <testcase classname="tests.LogInTests" name="logInWithValidCredentials" time="20.604"/>
  <system-out/>
  <testcase classname="tests.LogInTests" name="logInWithInvalidPassword" time="15.112"/>
  <system-out/>
  <testcase classname="tests.LogInTests" name="wrongEmailAddressFormat" time="16.345"/>
  <system-out/>
  <testcase classname="tests.LogInTests" name="emptyEmailAddressField" time="23.842"/>
  <system-out/>
  <testcase classname="tests.LogInTests" name="emptyPasswordField" time="25.456"/>
  <system-out/>
  <testcase classname="tests.LogInTests" name="emptyBothField" time="28.724"/>
  <system-out/>
</testsuite> <!-- tests.LogInTests -->
