<?xml version="1.0" encoding="UTF-8"?>
<!-- Generated by org.testng.reporters.JUnitReportReporter -->
<testsuite hostname="DESKTOP-KKBJT2E" failures="0" tests="3" name="tests.ChangeAddressTests" time="118.497" errors="0" timestamp="2021-06-14T20:02:31 CEST" skipped="0">
  <testcase classname="tests.ChangeAddressTests" name="updateAddress" time="28.651"/>
  <system-out/>
  <testcase classname="tests.ChangeAddressTests" name="addNewAddress" time="36.771"/>
  <system-out/>
  <testcase classname="tests.ChangeAddressTests" name="removeAddress" time="53.075"/>
  <system-out/>
</testsuite> <!-- tests.ChangeAddressTests -->
