<?xml version="1.0" encoding="UTF-8"?>
<!-- Generated by org.testng.reporters.JUnitReportReporter -->
<testsuite hostname="DESKTOP-KKBJT2E" failures="0" tests="3" name="tests.WishListTests" time="51.291" errors="0" timestamp="2021-06-22T20:09:04 CEST" skipped="0">
  <testcase classname="tests.WishListTests" name="verifyThatUserCanAddWishList" time="15.213"/>
  <system-out/>
  <testcase classname="tests.WishListTests" name="verifyThatUserCanRemoveWishList" time="12.313"/>
  <system-out/>
  <testcase classname="tests.WishListTests" name="verifyThatUserCanAddMultipleWishList" time="23.765"/>
  <system-out/>
</testsuite> <!-- tests.WishListTests -->
