<?xml version="1.0" encoding="UTF-8"?>
<!-- Generated by org.testng.reporters.JUnitReportReporter -->
<testsuite hostname="DESKTOP-KKBJT2E" failures="0" tests="3" name="tests.ChangeAddressTests" time="56.802" errors="0" timestamp="2021-06-22T20:05:07 CEST" skipped="0">
  <testcase classname="tests.ChangeAddressTests" name="updateAddress" time="13.600"/>
  <system-out/>
  <testcase classname="tests.ChangeAddressTests" name="addNewAddress" time="15.370"/>
  <system-out/>
  <testcase classname="tests.ChangeAddressTests" name="removeAddress" time="27.832"/>
  <system-out/>
</testsuite> <!-- tests.ChangeAddressTests -->
