<?xml version="1.0" encoding="UTF-8"?>
<!-- Generated by org.testng.reporters.JUnitReportReporter -->
<testsuite hostname="DESKTOP-KKBJT2E" failures="0" tests="3" name="tests.WishListTests" time="68.709" errors="0" timestamp="2021-06-15T13:54:00 CEST" skipped="0">
  <testcase classname="tests.WishListTests" name="verifyThatUserCanAddWishList" time="16.010"/>
  <system-out/>
  <testcase classname="tests.WishListTests" name="verifyThatUserCanRemoveWishList" time="23.028"/>
  <system-out/>
  <testcase classname="tests.WishListTests" name="verifyThatUserCanAddMultipleWishList" time="29.671"/>
  <system-out/>
</testsuite> <!-- tests.WishListTests -->
