<?xml version="1.0" encoding="UTF-8"?>
<!-- Generated by org.testng.reporters.JUnitReportReporter -->
<testsuite hostname="DESKTOP-KKBJT2E" failures="0" tests="1" name="tests.EditPersonalInfomationTests" time="17.113" errors="0" timestamp="2021-06-22T20:00:00 CEST" skipped="0">
  <testcase classname="tests.EditPersonalInfomationTests" name="verifyThatUserCanEditPerfonalInformation" time="17.113"/>
  <system-out/>
</testsuite> <!-- tests.EditPersonalInfomationTests -->
