<?xml version="1.0" encoding="UTF-8"?>
<!-- Generated by org.testng.reporters.JUnitReportReporter -->
<testsuite hostname="DESKTOP-KKBJT2E" failures="0" tests="6" name="tests.LogInTests" time="44.955" errors="0" timestamp="2021-06-22T17:09:23 CEST" skipped="0">
  <testcase classname="tests.LogInTests" name="logInWithValidCredentials" time="5.916"/>
  <system-out/>
  <testcase classname="tests.LogInTests" name="logInWithInvalidPassword" time="7.634"/>
  <system-out/>
  <testcase classname="tests.LogInTests" name="wrongEmailAddressFormat" time="9.273"/>
  <system-out/>
  <testcase classname="tests.LogInTests" name="emptyEmailAddressField" time="5.865"/>
  <system-out/>
  <testcase classname="tests.LogInTests" name="emptyPasswordField" time="6.783"/>
  <system-out/>
  <testcase classname="tests.LogInTests" name="emptyBothFields" time="9.484"/>
  <system-out/>
</testsuite> <!-- tests.LogInTests -->
